{"total": {"lines":{"total":118,"covered":115,"skipped":0,"pct":97.45},"statements":{"total":127,"covered":124,"skipped":0,"pct":97.63},"functions":{"total":21,"covered":19,"skipped":0,"pct":90.47},"branches":{"total":34,"covered":26,"skipped":0,"pct":76.47},"branchesTrue":{"total":0,"covered":0,"skipped":0,"pct":100}}
,"/Users/thara/Desktop/code/js/prac-aws-pulumi-ts/src/common/error.ts": {"lines":{"total":13,"covered":12,"skipped":0,"pct":92.3},"functions":{"total":5,"covered":4,"skipped":0,"pct":80},"statements":{"total":13,"covered":12,"skipped":0,"pct":92.3},"branches":{"total":10,"covered":6,"skipped":0,"pct":60}}
,"/Users/thara/Desktop/code/js/prac-aws-pulumi-ts/src/common/jsonResponse.ts": {"lines":{"total":20,"covered":19,"skipped":0,"pct":95},"functions":{"total":4,"covered":4,"skipped":0,"pct":100},"statements":{"total":23,"covered":22,"skipped":0,"pct":95.65},"branches":{"total":10,"covered":7,"skipped":0,"pct":70}}
,"/Users/thara/Desktop/code/js/prac-aws-pulumi-ts/src/common/logger.ts": {"lines":{"total":5,"covered":4,"skipped":0,"pct":80},"functions":{"total":2,"covered":1,"skipped":0,"pct":50},"statements":{"total":5,"covered":4,"skipped":0,"pct":80},"branches":{"total":2,"covered":1,"skipped":0,"pct":50}}
,"/Users/thara/Desktop/code/js/prac-aws-pulumi-ts/src/dao/userDao.ts": {"lines":{"total":23,"covered":23,"skipped":0,"pct":100},"functions":{"total":2,"covered":2,"skipped":0,"pct":100},"statements":{"total":24,"covered":24,"skipped":0,"pct":100},"branches":{"total":2,"covered":2,"skipped":0,"pct":100}}
,"/Users/thara/Desktop/code/js/prac-aws-pulumi-ts/src/dao/util.ts": {"lines":{"total":13,"covered":13,"skipped":0,"pct":100},"functions":{"total":4,"covered":4,"skipped":0,"pct":100},"statements":{"total":17,"covered":17,"skipped":0,"pct":100},"branches":{"total":3,"covered":3,"skipped":0,"pct":100}}
,"/Users/thara/Desktop/code/js/prac-aws-pulumi-ts/src/handlers/createUser.ts": {"lines":{"total":23,"covered":23,"skipped":0,"pct":100},"functions":{"total":2,"covered":2,"skipped":0,"pct":100},"statements":{"total":23,"covered":23,"skipped":0,"pct":100},"branches":{"total":4,"covered":4,"skipped":0,"pct":100}}
,"/Users/thara/Desktop/code/js/prac-aws-pulumi-ts/src/handlers/getUser.ts": {"lines":{"total":21,"covered":21,"skipped":0,"pct":100},"functions":{"total":2,"covered":2,"skipped":0,"pct":100},"statements":{"total":22,"covered":22,"skipped":0,"pct":100},"branches":{"total":3,"covered":3,"skipped":0,"pct":100}}
}
