TN:
SF:src/common/error.ts
FN:10,(anonymous_0)
FN:21,UnauthorizedError
FN:25,DataNotFoundError
FN:29,GeneralError
FN:36,ValidationError
FNF:5
FNH:4
FNDA:8,(anonymous_0)
FNDA:0,UnauthorizedError
FNDA:1,DataNotFoundError
FNDA:1,GeneralError
FNDA:6,ValidationError
DA:7,3
DA:11,8
DA:15,8
DA:17,8
DA:18,8
DA:21,3
DA:22,0
DA:25,3
DA:26,1
DA:29,3
DA:30,1
DA:36,3
DA:37,6
LF:13
LH:12
BRDA:18,0,0,8
BRDA:18,0,1,8
BRDA:22,1,0,0
BRDA:22,1,1,0
BRDA:26,2,0,1
BRDA:26,2,1,0
BRDA:31,3,0,1
BRDA:31,3,1,1
BRDA:37,4,0,6
BRDA:37,4,1,0
BRF:10
BRH:6
end_of_record
TN:
SF:src/common/jsonResponse.ts
FN:23,(anonymous_0)
FN:38,(anonymous_1)
FN:48,(anonymous_2)
FN:55,(anonymous_3)
FNF:4
FNH:4
FNDA:11,(anonymous_0)
FNDA:2,(anonymous_1)
FNDA:9,(anonymous_2)
FNDA:9,(anonymous_3)
DA:1,2
DA:3,2
DA:8,2
DA:12,2
DA:23,2
DA:24,11
DA:25,11
DA:38,2
DA:39,2
DA:41,2
DA:48,2
DA:49,9
DA:50,0
DA:52,9
DA:55,2
DA:56,9
DA:57,9
DA:59,9
DA:61,7
DA:64,9
LF:20
LH:19
BRDA:24,0,0,9
BRDA:39,1,0,2
BRDA:39,2,0,0
BRDA:39,3,0,2
BRDA:39,4,0,2
BRDA:39,4,1,0
BRDA:49,5,0,0
BRDA:57,6,0,9
BRDA:57,6,1,9
BRDA:59,7,0,7
BRF:10
BRH:7
end_of_record
TN:
SF:src/common/logger.ts
FN:6,(anonymous_0)
FN:12,logDuration
FNF:2
FNH:1
FNDA:18,(anonymous_0)
FNDA:0,logDuration
DA:1,3
DA:3,3
DA:7,18
DA:12,3
DA:13,0
LF:5
LH:4
BRDA:7,0,0,18
BRDA:7,0,1,0
BRF:2
BRH:1
end_of_record
TN:
SF:src/dao/userDao.ts
FN:19,getUser
FN:44,createUser
FNF:2
FNH:2
FNDA:2,getUser
FNDA:2,createUser
DA:1,3
DA:7,3
DA:8,3
DA:9,3
DA:17,3
DA:19,3
DA:23,2
DA:28,2
DA:33,2
DA:36,2
DA:38,2
DA:39,2
DA:41,1
DA:44,3
DA:45,2
DA:50,2
DA:51,2
DA:52,2
DA:64,2
DA:65,2
DA:67,2
DA:68,1
DA:71,1
LF:23
LH:23
BRDA:39,0,0,1
BRDA:67,1,0,1
BRF:2
BRH:2
end_of_record
TN:
SF:src/dao/util.ts
FN:4,(anonymous_0)
FN:6,(anonymous_1)
FN:8,toGetUserKey
FN:19,stripPrivateFields
FNF:4
FNH:4
FNDA:4,(anonymous_0)
FNDA:4,(anonymous_1)
FNDA:4,toGetUserKey
FNDA:1,stripPrivateFields
DA:2,3
DA:4,4
DA:6,4
DA:8,3
DA:9,4
DA:15,3
DA:17,3
DA:19,3
DA:20,1
DA:22,1
DA:23,4
DA:24,4
DA:27,1
LF:13
LH:13
BRDA:2,0,0,3
BRDA:2,0,1,3
BRDA:23,1,0,4
BRF:3
BRH:3
end_of_record
TN:
SF:src/handlers/createUser.ts
FN:11,handler
FN:38,validateRequest
FNF:2
FNH:2
FNDA:6,handler
FNDA:6,validateRequest
DA:1,1
DA:2,1
DA:3,1
DA:4,1
DA:11,1
DA:16,6
DA:21,6
DA:25,6
DA:27,2
DA:29,1
DA:31,1
DA:33,5
DA:34,5
DA:39,6
DA:40,1
DA:43,5
DA:45,5
DA:46,1
DA:49,4
DA:50,1
DA:53,3
DA:54,1
DA:57,2
LF:23
LH:23
BRDA:39,0,0,1
BRDA:45,1,0,1
BRDA:49,2,0,1
BRDA:53,3,0,1
BRF:4
BRH:4
end_of_record
TN:
SF:src/handlers/getUser.ts
FN:11,(anonymous_0)
FN:40,validateRequest
FNF:2
FNH:2
FNDA:5,(anonymous_0)
FNDA:5,validateRequest
DA:1,1
DA:2,1
DA:3,1
DA:4,1
DA:11,1
DA:16,5
DA:21,5
DA:25,5
DA:27,3
DA:28,2
DA:29,1
DA:32,1
DA:33,1
DA:35,4
DA:36,4
DA:41,5
DA:42,1
DA:45,4
DA:46,4
DA:47,1
DA:49,3
LF:21
LH:21
BRDA:28,0,0,1
BRDA:41,1,0,1
BRDA:46,2,0,1
BRF:3
BRH:3
end_of_record
